<?xml version="1.0" encoding="UTF-8"?>
<testsuite xmlns:xsi="http://www.w3.org/2001/XMLSchema-instance" xsi:noNamespaceSchemaLocation="https://maven.apache.org/surefire/maven-surefire-plugin/xsd/surefire-test-report.xsd" name="com.wipro.VirtualWalletApplicationTests" time="36.781" tests="1" errors="0" skipped="0" failures="0">
  <properties>
    <property name="sun.desktop" value="windows"/>
    <property name="awt.toolkit" value="sun.awt.windows.WToolkit"/>
    <property name="file.encoding.pkg" value="sun.io"/>
    <property name="java.specification.version" value="1.8"/>
    <property name="sun.cpu.isalist" value="amd64"/>
    <property name="sun.jnu.encoding" value="Cp1252"/>
    <property name="java.class.path" value="D:\STS_Workspace\Virtual_Wallet\target\test-classes;D:\STS_Workspace\Virtual_Wallet\target\classes;D:\Projects\Jars\org\springframework\boot\spring-boot-starter-actuator\2.1.4.RELEASE\spring-boot-starter-actuator-2.1.4.RELEASE.jar;D:\Projects\Jars\org\springframework\boot\spring-boot-starter\2.1.4.RELEASE\spring-boot-starter-2.1.4.RELEASE.jar;D:\Projects\Jars\org\springframework\boot\spring-boot-starter-logging\2.1.4.RELEASE\spring-boot-starter-logging-2.1.4.RELEASE.jar;D:\Projects\Jars\ch\qos\logback\logback-classic\1.2.3\logback-classic-1.2.3.jar;D:\Projects\Jars\ch\qos\logback\logback-core\1.2.3\logback-core-1.2.3.jar;D:\Projects\Jars\org\apache\logging\log4j\log4j-to-slf4j\2.11.2\log4j-to-slf4j-2.11.2.jar;D:\Projects\Jars\org\apache\logging\log4j\log4j-api\2.11.2\log4j-api-2.11.2.jar;D:\Projects\Jars\org\slf4j\jul-to-slf4j\1.7.26\jul-to-slf4j-1.7.26.jar;D:\Projects\Jars\javax\annotation\javax.annotation-api\1.3.2\javax.annotation-api-1.3.2.jar;D:\Projects\Jars\org\yaml\snakeyaml\1.23\snakeyaml-1.23.jar;D:\Projects\Jars\org\springframework\boot\spring-boot-actuator-autoconfigure\2.1.4.RELEASE\spring-boot-actuator-autoconfigure-2.1.4.RELEASE.jar;D:\Projects\Jars\org\springframework\boot\spring-boot-actuator\2.1.4.RELEASE\spring-boot-actuator-2.1.4.RELEASE.jar;D:\Projects\Jars\com\fasterxml\jackson\core\jackson-databind\2.9.8\jackson-databind-2.9.8.jar;D:\Projects\Jars\com\fasterxml\jackson\core\jackson-annotations\2.9.0\jackson-annotations-2.9.0.jar;D:\Projects\Jars\com\fasterxml\jackson\core\jackson-core\2.9.8\jackson-core-2.9.8.jar;D:\Projects\Jars\org\springframework\spring-context\5.1.6.RELEASE\spring-context-5.1.6.RELEASE.jar;D:\Projects\Jars\com\fasterxml\jackson\datatype\jackson-datatype-jsr310\2.9.8\jackson-datatype-jsr310-2.9.8.jar;D:\Projects\Jars\io\micrometer\micrometer-core\1.1.4\micrometer-core-1.1.4.jar;D:\Projects\Jars\org\hdrhistogram\HdrHistogram\2.1.9\HdrHistogram-2.1.9.jar;D:\Projects\Jars\org\latencyutils\LatencyUtils\2.0.3\LatencyUtils-2.0.3.jar;D:\Projects\Jars\org\springframework\boot\spring-boot-starter-data-jpa\2.1.4.RELEASE\spring-boot-starter-data-jpa-2.1.4.RELEASE.jar;D:\Projects\Jars\org\springframework\boot\spring-boot-starter-aop\2.1.4.RELEASE\spring-boot-starter-aop-2.1.4.RELEASE.jar;D:\Projects\Jars\org\springframework\spring-aop\5.1.6.RELEASE\spring-aop-5.1.6.RELEASE.jar;D:\Projects\Jars\org\aspectj\aspectjweaver\1.9.2\aspectjweaver-1.9.2.jar;D:\Projects\Jars\org\springframework\boot\spring-boot-starter-jdbc\2.1.4.RELEASE\spring-boot-starter-jdbc-2.1.4.RELEASE.jar;D:\Projects\Jars\com\zaxxer\HikariCP\3.2.0\HikariCP-3.2.0.jar;D:\Projects\Jars\org\springframework\spring-jdbc\5.1.6.RELEASE\spring-jdbc-5.1.6.RELEASE.jar;D:\Projects\Jars\javax\transaction\javax.transaction-api\1.3\javax.transaction-api-1.3.jar;D:\Projects\Jars\javax\xml\bind\jaxb-api\2.3.1\jaxb-api-2.3.1.jar;D:\Projects\Jars\javax\activation\javax.activation-api\1.2.0\javax.activation-api-1.2.0.jar;D:\Projects\Jars\org\hibernate\hibernate-core\5.3.9.Final\hibernate-core-5.3.9.Final.jar;D:\Projects\Jars\org\jboss\logging\jboss-logging\3.3.2.Final\jboss-logging-3.3.2.Final.jar;D:\Projects\Jars\javax\persistence\javax.persistence-api\2.2\javax.persistence-api-2.2.jar;D:\Projects\Jars\org\javassist\javassist\3.23.1-GA\javassist-3.23.1-GA.jar;D:\Projects\Jars\net\bytebuddy\byte-buddy\1.9.12\byte-buddy-1.9.12.jar;D:\Projects\Jars\antlr\antlr\2.7.7\antlr-2.7.7.jar;D:\Projects\Jars\org\jboss\jandex\2.0.5.Final\jandex-2.0.5.Final.jar;D:\Projects\Jars\com\fasterxml\classmate\1.4.0\classmate-1.4.0.jar;D:\Projects\Jars\org\dom4j\dom4j\2.1.1\dom4j-2.1.1.jar;D:\Projects\Jars\org\hibernate\common\hibernate-commons-annotations\5.0.4.Final\hibernate-commons-annotations-5.0.4.Final.jar;D:\Projects\Jars\org\springframework\data\spring-data-jpa\2.1.6.RELEASE\spring-data-jpa-2.1.6.RELEASE.jar;D:\Projects\Jars\org\springframework\data\spring-data-commons\2.1.6.RELEASE\spring-data-commons-2.1.6.RELEASE.jar;D:\Projects\Jars\org\springframework\spring-orm\5.1.6.RELEASE\spring-orm-5.1.6.RELEASE.jar;D:\Projects\Jars\org\springframework\spring-tx\5.1.6.RELEASE\spring-tx-5.1.6.RELEASE.jar;D:\Projects\Jars\org\springframework\spring-beans\5.1.6.RELEASE\spring-beans-5.1.6.RELEASE.jar;D:\Projects\Jars\org\slf4j\slf4j-api\1.7.26\slf4j-api-1.7.26.jar;D:\Projects\Jars\org\springframework\spring-aspects\5.1.6.RELEASE\spring-aspects-5.1.6.RELEASE.jar;D:\Projects\Jars\org\springframework\boot\spring-boot-starter-web\2.1.4.RELEASE\spring-boot-starter-web-2.1.4.RELEASE.jar;D:\Projects\Jars\org\springframework\boot\spring-boot-starter-json\2.1.4.RELEASE\spring-boot-starter-json-2.1.4.RELEASE.jar;D:\Projects\Jars\com\fasterxml\jackson\datatype\jackson-datatype-jdk8\2.9.8\jackson-datatype-jdk8-2.9.8.jar;D:\Projects\Jars\com\fasterxml\jackson\module\jackson-module-parameter-names\2.9.8\jackson-module-parameter-names-2.9.8.jar;D:\Projects\Jars\org\springframework\boot\spring-boot-starter-tomcat\2.1.4.RELEASE\spring-boot-starter-tomcat-2.1.4.RELEASE.jar;D:\Projects\Jars\org\apache\tomcat\embed\tomcat-embed-websocket\9.0.17\tomcat-embed-websocket-9.0.17.jar;D:\Projects\Jars\org\hibernate\validator\hibernate-validator\6.0.16.Final\hibernate-validator-6.0.16.Final.jar;D:\Projects\Jars\javax\validation\validation-api\2.0.1.Final\validation-api-2.0.1.Final.jar;D:\Projects\Jars\org\springframework\spring-web\5.1.6.RELEASE\spring-web-5.1.6.RELEASE.jar;D:\Projects\Jars\org\springframework\spring-webmvc\5.1.6.RELEASE\spring-webmvc-5.1.6.RELEASE.jar;D:\Projects\Jars\org\springframework\spring-expression\5.1.6.RELEASE\spring-expression-5.1.6.RELEASE.jar;D:\Projects\Jars\org\springframework\boot\spring-boot-devtools\2.1.4.RELEASE\spring-boot-devtools-2.1.4.RELEASE.jar;D:\Projects\Jars\org\springframework\boot\spring-boot\2.1.4.RELEASE\spring-boot-2.1.4.RELEASE.jar;D:\Projects\Jars\org\springframework\boot\spring-boot-autoconfigure\2.1.4.RELEASE\spring-boot-autoconfigure-2.1.4.RELEASE.jar;D:\Projects\Jars\org\apache\tomcat\embed\tomcat-embed-core\9.0.17\tomcat-embed-core-9.0.17.jar;D:\Projects\Jars\org\apache\tomcat\tomcat-annotations-api\9.0.17\tomcat-annotations-api-9.0.17.jar;D:\Projects\Jars\org\apache\tomcat\embed\tomcat-embed-el\9.0.17\tomcat-embed-el-9.0.17.jar;D:\Projects\Jars\com\h2database\h2\1.4.199\h2-1.4.199.jar;D:\Projects\Jars\org\springframework\boot\spring-boot-starter-test\2.1.4.RELEASE\spring-boot-starter-test-2.1.4.RELEASE.jar;D:\Projects\Jars\org\springframework\boot\spring-boot-test\2.1.4.RELEASE\spring-boot-test-2.1.4.RELEASE.jar;D:\Projects\Jars\org\springframework\boot\spring-boot-test-autoconfigure\2.1.4.RELEASE\spring-boot-test-autoconfigure-2.1.4.RELEASE.jar;D:\Projects\Jars\com\jayway\jsonpath\json-path\2.4.0\json-path-2.4.0.jar;D:\Projects\Jars\net\minidev\json-smart\2.3\json-smart-2.3.jar;D:\Projects\Jars\net\minidev\accessors-smart\1.2\accessors-smart-1.2.jar;D:\Projects\Jars\org\ow2\asm\asm\5.0.4\asm-5.0.4.jar;D:\Projects\Jars\junit\junit\4.12\junit-4.12.jar;D:\Projects\Jars\org\assertj\assertj-core\3.11.1\assertj-core-3.11.1.jar;D:\Projects\Jars\org\mockito\mockito-core\2.23.4\mockito-core-2.23.4.jar;D:\Projects\Jars\net\bytebuddy\byte-buddy-agent\1.9.12\byte-buddy-agent-1.9.12.jar;D:\Projects\Jars\org\objenesis\objenesis\2.6\objenesis-2.6.jar;D:\Projects\Jars\org\hamcrest\hamcrest-core\1.3\hamcrest-core-1.3.jar;D:\Projects\Jars\org\hamcrest\hamcrest-library\1.3\hamcrest-library-1.3.jar;D:\Projects\Jars\org\skyscreamer\jsonassert\1.5.0\jsonassert-1.5.0.jar;D:\Projects\Jars\com\vaadin\external\google\android-json\0.0.20131108.vaadin1\android-json-0.0.20131108.vaadin1.jar;D:\Projects\Jars\org\springframework\spring-core\5.1.6.RELEASE\spring-core-5.1.6.RELEASE.jar;D:\Projects\Jars\org\springframework\spring-jcl\5.1.6.RELEASE\spring-jcl-5.1.6.RELEASE.jar;D:\Projects\Jars\org\springframework\spring-test\5.1.6.RELEASE\spring-test-5.1.6.RELEASE.jar;D:\Projects\Jars\org\xmlunit\xmlunit-core\2.6.2\xmlunit-core-2.6.2.jar;D:\Projects\Jars\org\apache\tomcat\embed\tomcat-embed-jasper\9.0.17\tomcat-embed-jasper-9.0.17.jar;D:\Projects\Jars\org\eclipse\jdt\ecj\3.15.0\ecj-3.15.0.jar;"/>
    <property name="java.vm.vendor" value="Oracle Corporation"/>
    <property name="sun.arch.data.model" value="64"/>
    <property name="user.variant" value=""/>
    <property name="java.vendor.url" value="http://java.oracle.com/"/>
    <property name="user.timezone" value="Asia/Calcutta"/>
    <property name="java.vm.specification.version" value="1.8"/>
    <property name="os.name" value="Windows 7"/>
    <property name="user.country" value="US"/>
    <property name="sun.java.launcher" value="SUN_STANDARD"/>
    <property name="sun.boot.library.path" value="D:\Java\jdk1.8.0_92\jre\bin"/>
    <property name="sun.java.command" value="C:\Users\e085591\AppData\Local\Temp\surefire292832325549613845\surefirebooter7392615636755365410.jar C:\Users\e085591\AppData\Local\Temp\surefire292832325549613845 2020-01-30T23-04-56_519-jvmRun1 surefire1757116070488719057tmp surefire_04410962020180632193tmp"/>
    <property name="surefire.test.class.path" value="D:\STS_Workspace\Virtual_Wallet\target\test-classes;D:\STS_Workspace\Virtual_Wallet\target\classes;D:\Projects\Jars\org\springframework\boot\spring-boot-starter-actuator\2.1.4.RELEASE\spring-boot-starter-actuator-2.1.4.RELEASE.jar;D:\Projects\Jars\org\springframework\boot\spring-boot-starter\2.1.4.RELEASE\spring-boot-starter-2.1.4.RELEASE.jar;D:\Projects\Jars\org\springframework\boot\spring-boot-starter-logging\2.1.4.RELEASE\spring-boot-starter-logging-2.1.4.RELEASE.jar;D:\Projects\Jars\ch\qos\logback\logback-classic\1.2.3\logback-classic-1.2.3.jar;D:\Projects\Jars\ch\qos\logback\logback-core\1.2.3\logback-core-1.2.3.jar;D:\Projects\Jars\org\apache\logging\log4j\log4j-to-slf4j\2.11.2\log4j-to-slf4j-2.11.2.jar;D:\Projects\Jars\org\apache\logging\log4j\log4j-api\2.11.2\log4j-api-2.11.2.jar;D:\Projects\Jars\org\slf4j\jul-to-slf4j\1.7.26\jul-to-slf4j-1.7.26.jar;D:\Projects\Jars\javax\annotation\javax.annotation-api\1.3.2\javax.annotation-api-1.3.2.jar;D:\Projects\Jars\org\yaml\snakeyaml\1.23\snakeyaml-1.23.jar;D:\Projects\Jars\org\springframework\boot\spring-boot-actuator-autoconfigure\2.1.4.RELEASE\spring-boot-actuator-autoconfigure-2.1.4.RELEASE.jar;D:\Projects\Jars\org\springframework\boot\spring-boot-actuator\2.1.4.RELEASE\spring-boot-actuator-2.1.4.RELEASE.jar;D:\Projects\Jars\com\fasterxml\jackson\core\jackson-databind\2.9.8\jackson-databind-2.9.8.jar;D:\Projects\Jars\com\fasterxml\jackson\core\jackson-annotations\2.9.0\jackson-annotations-2.9.0.jar;D:\Projects\Jars\com\fasterxml\jackson\core\jackson-core\2.9.8\jackson-core-2.9.8.jar;D:\Projects\Jars\org\springframework\spring-context\5.1.6.RELEASE\spring-context-5.1.6.RELEASE.jar;D:\Projects\Jars\com\fasterxml\jackson\datatype\jackson-datatype-jsr310\2.9.8\jackson-datatype-jsr310-2.9.8.jar;D:\Projects\Jars\io\micrometer\micrometer-core\1.1.4\micrometer-core-1.1.4.jar;D:\Projects\Jars\org\hdrhistogram\HdrHistogram\2.1.9\HdrHistogram-2.1.9.jar;D:\Projects\Jars\org\latencyutils\LatencyUtils\2.0.3\LatencyUtils-2.0.3.jar;D:\Projects\Jars\org\springframework\boot\spring-boot-starter-data-jpa\2.1.4.RELEASE\spring-boot-starter-data-jpa-2.1.4.RELEASE.jar;D:\Projects\Jars\org\springframework\boot\spring-boot-starter-aop\2.1.4.RELEASE\spring-boot-starter-aop-2.1.4.RELEASE.jar;D:\Projects\Jars\org\springframework\spring-aop\5.1.6.RELEASE\spring-aop-5.1.6.RELEASE.jar;D:\Projects\Jars\org\aspectj\aspectjweaver\1.9.2\aspectjweaver-1.9.2.jar;D:\Projects\Jars\org\springframework\boot\spring-boot-starter-jdbc\2.1.4.RELEASE\spring-boot-starter-jdbc-2.1.4.RELEASE.jar;D:\Projects\Jars\com\zaxxer\HikariCP\3.2.0\HikariCP-3.2.0.jar;D:\Projects\Jars\org\springframework\spring-jdbc\5.1.6.RELEASE\spring-jdbc-5.1.6.RELEASE.jar;D:\Projects\Jars\javax\transaction\javax.transaction-api\1.3\javax.transaction-api-1.3.jar;D:\Projects\Jars\javax\xml\bind\jaxb-api\2.3.1\jaxb-api-2.3.1.jar;D:\Projects\Jars\javax\activation\javax.activation-api\1.2.0\javax.activation-api-1.2.0.jar;D:\Projects\Jars\org\hibernate\hibernate-core\5.3.9.Final\hibernate-core-5.3.9.Final.jar;D:\Projects\Jars\org\jboss\logging\jboss-logging\3.3.2.Final\jboss-logging-3.3.2.Final.jar;D:\Projects\Jars\javax\persistence\javax.persistence-api\2.2\javax.persistence-api-2.2.jar;D:\Projects\Jars\org\javassist\javassist\3.23.1-GA\javassist-3.23.1-GA.jar;D:\Projects\Jars\net\bytebuddy\byte-buddy\1.9.12\byte-buddy-1.9.12.jar;D:\Projects\Jars\antlr\antlr\2.7.7\antlr-2.7.7.jar;D:\Projects\Jars\org\jboss\jandex\2.0.5.Final\jandex-2.0.5.Final.jar;D:\Projects\Jars\com\fasterxml\classmate\1.4.0\classmate-1.4.0.jar;D:\Projects\Jars\org\dom4j\dom4j\2.1.1\dom4j-2.1.1.jar;D:\Projects\Jars\org\hibernate\common\hibernate-commons-annotations\5.0.4.Final\hibernate-commons-annotations-5.0.4.Final.jar;D:\Projects\Jars\org\springframework\data\spring-data-jpa\2.1.6.RELEASE\spring-data-jpa-2.1.6.RELEASE.jar;D:\Projects\Jars\org\springframework\data\spring-data-commons\2.1.6.RELEASE\spring-data-commons-2.1.6.RELEASE.jar;D:\Projects\Jars\org\springframework\spring-orm\5.1.6.RELEASE\spring-orm-5.1.6.RELEASE.jar;D:\Projects\Jars\org\springframework\spring-tx\5.1.6.RELEASE\spring-tx-5.1.6.RELEASE.jar;D:\Projects\Jars\org\springframework\spring-beans\5.1.6.RELEASE\spring-beans-5.1.6.RELEASE.jar;D:\Projects\Jars\org\slf4j\slf4j-api\1.7.26\slf4j-api-1.7.26.jar;D:\Projects\Jars\org\springframework\spring-aspects\5.1.6.RELEASE\spring-aspects-5.1.6.RELEASE.jar;D:\Projects\Jars\org\springframework\boot\spring-boot-starter-web\2.1.4.RELEASE\spring-boot-starter-web-2.1.4.RELEASE.jar;D:\Projects\Jars\org\springframework\boot\spring-boot-starter-json\2.1.4.RELEASE\spring-boot-starter-json-2.1.4.RELEASE.jar;D:\Projects\Jars\com\fasterxml\jackson\datatype\jackson-datatype-jdk8\2.9.8\jackson-datatype-jdk8-2.9.8.jar;D:\Projects\Jars\com\fasterxml\jackson\module\jackson-module-parameter-names\2.9.8\jackson-module-parameter-names-2.9.8.jar;D:\Projects\Jars\org\springframework\boot\spring-boot-starter-tomcat\2.1.4.RELEASE\spring-boot-starter-tomcat-2.1.4.RELEASE.jar;D:\Projects\Jars\org\apache\tomcat\embed\tomcat-embed-websocket\9.0.17\tomcat-embed-websocket-9.0.17.jar;D:\Projects\Jars\org\hibernate\validator\hibernate-validator\6.0.16.Final\hibernate-validator-6.0.16.Final.jar;D:\Projects\Jars\javax\validation\validation-api\2.0.1.Final\validation-api-2.0.1.Final.jar;D:\Projects\Jars\org\springframework\spring-web\5.1.6.RELEASE\spring-web-5.1.6.RELEASE.jar;D:\Projects\Jars\org\springframework\spring-webmvc\5.1.6.RELEASE\spring-webmvc-5.1.6.RELEASE.jar;D:\Projects\Jars\org\springframework\spring-expression\5.1.6.RELEASE\spring-expression-5.1.6.RELEASE.jar;D:\Projects\Jars\org\springframework\boot\spring-boot-devtools\2.1.4.RELEASE\spring-boot-devtools-2.1.4.RELEASE.jar;D:\Projects\Jars\org\springframework\boot\spring-boot\2.1.4.RELEASE\spring-boot-2.1.4.RELEASE.jar;D:\Projects\Jars\org\springframework\boot\spring-boot-autoconfigure\2.1.4.RELEASE\spring-boot-autoconfigure-2.1.4.RELEASE.jar;D:\Projects\Jars\org\apache\tomcat\embed\tomcat-embed-core\9.0.17\tomcat-embed-core-9.0.17.jar;D:\Projects\Jars\org\apache\tomcat\tomcat-annotations-api\9.0.17\tomcat-annotations-api-9.0.17.jar;D:\Projects\Jars\org\apache\tomcat\embed\tomcat-embed-el\9.0.17\tomcat-embed-el-9.0.17.jar;D:\Projects\Jars\com\h2database\h2\1.4.199\h2-1.4.199.jar;D:\Projects\Jars\org\springframework\boot\spring-boot-starter-test\2.1.4.RELEASE\spring-boot-starter-test-2.1.4.RELEASE.jar;D:\Projects\Jars\org\springframework\boot\spring-boot-test\2.1.4.RELEASE\spring-boot-test-2.1.4.RELEASE.jar;D:\Projects\Jars\org\springframework\boot\spring-boot-test-autoconfigure\2.1.4.RELEASE\spring-boot-test-autoconfigure-2.1.4.RELEASE.jar;D:\Projects\Jars\com\jayway\jsonpath\json-path\2.4.0\json-path-2.4.0.jar;D:\Projects\Jars\net\minidev\json-smart\2.3\json-smart-2.3.jar;D:\Projects\Jars\net\minidev\accessors-smart\1.2\accessors-smart-1.2.jar;D:\Projects\Jars\org\ow2\asm\asm\5.0.4\asm-5.0.4.jar;D:\Projects\Jars\junit\junit\4.12\junit-4.12.jar;D:\Projects\Jars\org\assertj\assertj-core\3.11.1\assertj-core-3.11.1.jar;D:\Projects\Jars\org\mockito\mockito-core\2.23.4\mockito-core-2.23.4.jar;D:\Projects\Jars\net\bytebuddy\byte-buddy-agent\1.9.12\byte-buddy-agent-1.9.12.jar;D:\Projects\Jars\org\objenesis\objenesis\2.6\objenesis-2.6.jar;D:\Projects\Jars\org\hamcrest\hamcrest-core\1.3\hamcrest-core-1.3.jar;D:\Projects\Jars\org\hamcrest\hamcrest-library\1.3\hamcrest-library-1.3.jar;D:\Projects\Jars\org\skyscreamer\jsonassert\1.5.0\jsonassert-1.5.0.jar;D:\Projects\Jars\com\vaadin\external\google\android-json\0.0.20131108.vaadin1\android-json-0.0.20131108.vaadin1.jar;D:\Projects\Jars\org\springframework\spring-core\5.1.6.RELEASE\spring-core-5.1.6.RELEASE.jar;D:\Projects\Jars\org\springframework\spring-jcl\5.1.6.RELEASE\spring-jcl-5.1.6.RELEASE.jar;D:\Projects\Jars\org\springframework\spring-test\5.1.6.RELEASE\spring-test-5.1.6.RELEASE.jar;D:\Projects\Jars\org\xmlunit\xmlunit-core\2.6.2\xmlunit-core-2.6.2.jar;D:\Projects\Jars\org\apache\tomcat\embed\tomcat-embed-jasper\9.0.17\tomcat-embed-jasper-9.0.17.jar;D:\Projects\Jars\org\eclipse\jdt\ecj\3.15.0\ecj-3.15.0.jar;"/>
    <property name="sun.cpu.endian" value="little"/>
    <property name="user.home" value="C:\Users\e085591"/>
    <property name="user.language" value="en"/>
    <property name="java.specification.vendor" value="Oracle Corporation"/>
    <property name="java.home" value="D:\Java\jdk1.8.0_92\jre"/>
    <property name="basedir" value="D:\STS_Workspace\Virtual_Wallet"/>
    <property name="file.separator" value="\"/>
    <property name="line.separator" value="&#10;"/>
    <property name="java.vm.specification.vendor" value="Oracle Corporation"/>
    <property name="java.specification.name" value="Java Platform API Specification"/>
    <property name="java.awt.graphicsenv" value="sun.awt.Win32GraphicsEnvironment"/>
    <property name="surefire.real.class.path" value="C:\Users\e085591\AppData\Local\Temp\surefire292832325549613845\surefirebooter7392615636755365410.jar"/>
    <property name="sun.boot.class.path" value="D:\Java\jdk1.8.0_92\jre\lib\resources.jar;D:\Java\jdk1.8.0_92\jre\lib\rt.jar;D:\Java\jdk1.8.0_92\jre\lib\sunrsasign.jar;D:\Java\jdk1.8.0_92\jre\lib\jsse.jar;D:\Java\jdk1.8.0_92\jre\lib\jce.jar;D:\Java\jdk1.8.0_92\jre\lib\charsets.jar;D:\Java\jdk1.8.0_92\jre\lib\jfr.jar;D:\Java\jdk1.8.0_92\jre\classes"/>
    <property name="user.script" value=""/>
    <property name="sun.management.compiler" value="HotSpot 64-Bit Tiered Compilers"/>
    <property name="java.runtime.version" value="1.8.0_92-b14"/>
    <property name="user.name" value="e085591"/>
    <property name="path.separator" value=";"/>
    <property name="os.version" value="6.1"/>
    <property name="java.endorsed.dirs" value="D:\Java\jdk1.8.0_92\jre\lib\endorsed"/>
    <property name="java.runtime.name" value="Java(TM) SE Runtime Environment"/>
    <property name="file.encoding" value="Cp1252"/>
    <property name="java.vm.name" value="Java HotSpot(TM) 64-Bit Server VM"/>
    <property name="localRepository" value="D:\Projects\Jars"/>
    <property name="java.vendor.url.bug" value="http://bugreport.sun.com/bugreport/"/>
    <property name="java.io.tmpdir" value="C:\Users\e085591\AppData\Local\Temp\"/>
    <property name="java.version" value="1.8.0_92"/>
    <property name="user.dir" value="D:\STS_Workspace\Virtual_Wallet"/>
    <property name="os.arch" value="amd64"/>
    <property name="java.vm.specification.name" value="Java Virtual Machine Specification"/>
    <property name="java.awt.printerjob" value="sun.awt.windows.WPrinterJob"/>
    <property name="sun.os.patch.level" value="Service Pack 1"/>
    <property name="java.library.path" value="D:\Java\jdk1.8.0_92\jre\bin;C:\Windows\Sun\Java\bin;C:\Windows\system32;C:\Windows;D:/Java/jdk1.8.0_92/bin/../jre/bin/server;D:/Java/jdk1.8.0_92/bin/../jre/bin;D:/Java/jdk1.8.0_92/bin/../jre/lib/amd64;C:\Windows\system32;C:\Windows;C:\Windows\System32\Wbem;C:\Windows\System32\WindowsPowerShell\v1.0\;C:\opscode\chef\bin\;D:\apache-maven-3.2.2\bin;D:\Java\jdk1.8.0_92\bin;D:\MyInstallations\Nodejs\;C:\Users\e085591\AppData\Roaming\npm;D:\softwares\spring-tool-suite-4-4.1.1.RELEASE-e4.10.0-win32.win32.x86_64\sts-4.1.1.RELEASE;;."/>
    <property name="java.vm.info" value="mixed mode"/>
    <property name="java.vendor" value="Oracle Corporation"/>
    <property name="java.vm.version" value="25.92-b14"/>
    <property name="java.ext.dirs" value="D:\Java\jdk1.8.0_92\jre\lib\ext;C:\Windows\Sun\Java\lib\ext"/>
    <property name="sun.io.unicode.encoding" value="UnicodeLittle"/>
    <property name="java.class.version" value="52.0"/>
  </properties>
  <testcase name="contextLoads" classname="com.wipro.VirtualWalletApplicationTests" time="0.108"/>
</testsuite>